<?xml version="1.0" encoding="UTF-8"?>
<!-- Generated by org.testng.reporters.JUnitReportReporter -->
<testsuite skipped="0" hostname="DESKTOP-IRFPATH" name="org.mma.mercury.tours.UserRegister" tests="1" failures="0" timestamp="2023-01-28T11:52:49 EST" time="13.856" errors="0">
  <testcase name="userRegisterTest" time="13.856" classname="org.mma.mercury.tours.UserRegister"/>
  <system-out/>
</testsuite> <!-- org.mma.mercury.tours.UserRegister -->
